<?xml version="1.0" encoding="UTF-8"?>
<!-- Generated by org.testng.reporters.JUnitReportReporter -->
<testsuite hostname="bonree-PC" name="com.lemon.app.WechatLoginCase" tests="1" failures="0" timestamp="16 Mar 2018 09:59:38 GMT" time="26.533" errors="0">
  <testcase name="test" time="26.533" classname="com.lemon.app.WechatLoginCase"/>
</testsuite> <!-- com.lemon.app.WechatLoginCase -->
